2022-01-09 12:41:41.159  INFO Christos-PC - [kground-preinit] [o.h.v.i.u.Version                  ] : HV000001: Hibernate Validator 6.2.0.Final
2022-01-09 12:41:41.303  INFO Christos-PC - [           main] [c.j.t.p.s.SmdbApplication          ] : Starting SmdbApplication using Java 11.0.13 on Christos-PC with PID 14160 (C:\Users\chris\IdeaProjects\demo - Copy\javaspring-project-team2\javaspring-team2-project-smdb\target\classes started by chris in C:\Users\chris\IdeaProjects\demo - Copy\javaspring-project-team2)
2022-01-09 12:41:41.317  INFO Christos-PC - [           main] [c.j.t.p.s.SmdbApplication          ] : No active profile set, falling back to default profiles: default
2022-01-09 12:41:44.973  INFO Christos-PC - [           main] [o.s.b.w.e.t.TomcatWebServer        ] : Tomcat initialized with port(s): 8080 (http)
2022-01-09 12:41:45.000  INFO Christos-PC - [           main] [o.a.c.h.Http11NioProtocol          ] : Initializing ProtocolHandler ["http-nio-8080"]
2022-01-09 12:41:45.002  INFO Christos-PC - [           main] [o.a.c.c.StandardService            ] : Starting service [Tomcat]
2022-01-09 12:41:45.003  INFO Christos-PC - [           main] [o.a.c.c.StandardEngine             ] : Starting Servlet engine: [Apache Tomcat/9.0.55]
2022-01-09 12:41:45.371  INFO Christos-PC - [           main] [o.a.c.c.C.[.[.[/]                  ] : Initializing Spring embedded WebApplicationContext
2022-01-09 12:41:45.372  INFO Christos-PC - [           main] [.ServletWebServerApplicationContext] : Root WebApplicationContext: initialization completed in 3907 ms
2022-01-09 12:41:46.024  INFO Christos-PC - [           main] [.s.b.a.h.H2ConsoleAutoConfiguration] : H2 console available at '/h2-console'. Database available at 'jdbc:h2:./smdb'
2022-01-09 12:41:46.397  INFO Christos-PC - [         task-1] [o.h.j.i.u.LogHelper                ] : HHH000204: Processing PersistenceUnitInfo [name: default]
2022-01-09 12:41:46.584  INFO Christos-PC - [         task-1] [o.h.Version                        ] : HHH000412: Hibernate ORM core version 5.6.1.Final
2022-01-09 12:41:46.876 DEBUG Christos-PC - [           main] [.m.m.a.RequestMappingHandlerAdapter] : ControllerAdvice beans: 0 @ModelAttribute, 0 @InitBinder, 1 RequestBodyAdvice, 1 ResponseBodyAdvice
2022-01-09 12:41:47.026 DEBUG Christos-PC - [           main] [.m.m.a.RequestMappingHandlerMapping] : 2 mappings in 'requestMappingHandlerMapping'
2022-01-09 12:41:47.069  INFO Christos-PC - [         task-1] [o.h.a.c.Version                    ] : HCANN000001: Hibernate Commons Annotations {5.1.2.Final}
2022-01-09 12:41:47.121 DEBUG Christos-PC - [           main] [o.s.w.s.h.SimpleUrlHandlerMapping  ] : Patterns [/webjars/**, /**] in 'resourceHandlerMapping'
2022-01-09 12:41:47.155 DEBUG Christos-PC - [           main] [a.ExceptionHandlerExceptionResolver] : ControllerAdvice beans: 0 @ExceptionHandler, 1 ResponseBodyAdvice
2022-01-09 12:41:47.430  INFO Christos-PC - [         task-1] [o.h.d.Dialect                      ] : HHH000400: Using dialect: org.hibernate.dialect.H2Dialect
2022-01-09 12:41:47.533 DEBUG Christos-PC - [           main] [o.s.w.s.v.f.FreeMarkerConfigurer   ] : File system access not preferred: using SpringTemplateLoader
2022-01-09 12:41:47.592  WARN Christos-PC - [           main] [s.b.a.f.FreeMarkerAutoConfiguration] : Cannot find template location(s): [classpath:/templates/] (please add some templates, check your FreeMarker configuration, or set spring.freemarker.checkTemplateLocation=false)
2022-01-09 12:41:47.732  INFO Christos-PC - [           main] [o.a.c.h.Http11NioProtocol          ] : Starting ProtocolHandler ["http-nio-8080"]
2022-01-09 12:41:47.779  INFO Christos-PC - [           main] [o.s.b.w.e.t.TomcatWebServer        ] : Tomcat started on port(s): 8080 (http) with context path ''
2022-01-09 12:41:47.807  INFO Christos-PC - [           main] [c.j.t.p.s.SmdbApplication          ] : Started SmdbApplication in 8.295 seconds (JVM running for 13.896)
2022-01-09 12:41:47.883  WARN Christos-PC - [         task-1] [h.b.i.InFlightMetadataCollectorImpl] : HHH000069: Duplicate generator name idGenerator
2022-01-09 12:41:47.898  WARN Christos-PC - [         task-1] [h.b.i.InFlightMetadataCollectorImpl] : HHH000069: Duplicate generator name idGenerator
2022-01-09 12:41:49.856  INFO Christos-PC - [         task-1] [o.h.o.c.access                     ] : HHH10001501: Connection obtained from JdbcConnectionAccess [org.hibernate.engine.jdbc.env.internal.JdbcEnvironmentInitiator$ConnectionProviderJdbcConnectionAccess@2ad31f18] for (non-JTA) DDL execution was not in auto-commit mode; the Connection 'local transaction' will be committed and the Connection will be set into auto-commit mode.
2022-01-09 12:41:49.874  INFO Christos-PC - [         task-1] [o.h.o.c.access                     ] : HHH10001501: Connection obtained from JdbcConnectionAccess [org.hibernate.engine.jdbc.env.internal.JdbcEnvironmentInitiator$ConnectionProviderJdbcConnectionAccess@30b3d9a6] for (non-JTA) DDL execution was not in auto-commit mode; the Connection 'local transaction' will be committed and the Connection will be set into auto-commit mode.
2022-01-09 12:41:50.017  INFO Christos-PC - [         task-1] [alContainerEntityManagerFactoryBean] : Initialized JPA EntityManagerFactory for persistence unit 'default'
